2026-06-09 13:04:54,418 INFO o.a.j.u.JMeterUtils: Setting Locale to en_EN
2026-06-09 13:04:54,448 INFO o.a.j.JMeter: Loading user properties from: E:\studia\Mag-II-stoień\Semestr 1\Zaawansowane bazy danych Projekt\zdb-proj\benchmarks\apache-jmeter-5.6.3\bin\user.properties
2026-06-09 13:04:54,449 INFO o.a.j.JMeter: Loading system properties from: E:\studia\Mag-II-stoień\Semestr 1\Zaawansowane bazy danych Projekt\zdb-proj\benchmarks\apache-jmeter-5.6.3\bin\system.properties
2026-06-09 13:04:54,459 INFO o.a.j.JMeter: Copyright (c) 1998-2024 The Apache Software Foundation
2026-06-09 13:04:54,459 INFO o.a.j.JMeter: Version 5.6.3
2026-06-09 13:04:54,459 INFO o.a.j.JMeter: java.version=21.0.10
2026-06-09 13:04:54,459 INFO o.a.j.JMeter: java.vm.name=Java HotSpot(TM) 64-Bit Server VM
2026-06-09 13:04:54,459 INFO o.a.j.JMeter: os.name=Windows 11
2026-06-09 13:04:54,460 INFO o.a.j.JMeter: os.arch=amd64
2026-06-09 13:04:54,460 INFO o.a.j.JMeter: os.version=10.0
2026-06-09 13:04:54,460 INFO o.a.j.JMeter: file.encoding=UTF-8
2026-06-09 13:04:54,461 INFO o.a.j.JMeter: java.awt.headless=null
2026-06-09 13:04:54,461 INFO o.a.j.JMeter: Max memory     =1073741824
2026-06-09 13:04:54,461 INFO o.a.j.JMeter: Available Processors =16
2026-06-09 13:04:54,474 INFO o.a.j.JMeter: Default Locale=English (EN)
2026-06-09 13:04:54,475 INFO o.a.j.JMeter: JMeter  Locale=English (EN)
2026-06-09 13:04:54,475 INFO o.a.j.JMeter: JMeterHome=E:\studia\Mag-II-stoień\Semestr 1\Zaawansowane bazy danych Projekt\zdb-proj\benchmarks\apache-jmeter-5.6.3
2026-06-09 13:04:54,475 INFO o.a.j.JMeter: user.dir  =E:\studia\Mag-II-stoień\Semestr 1\Zaawansowane bazy danych Projekt\zdb-proj\tools
2026-06-09 13:04:54,475 INFO o.a.j.JMeter: PWD       =E:\studia\Mag-II-stoień\Semestr 1\Zaawansowane bazy danych Projekt\zdb-proj\tools
2026-06-09 13:04:54,479 INFO o.a.j.JMeter: IP: 156.17.235.182 Name: DESKTOP-6M5TSO3 FullName: 156.17.235.182
2026-06-09 13:04:54,495 INFO o.a.j.JMeter: Loaded icon properties from org/apache/jmeter/images/icon.properties
2026-06-09 13:04:54,765 INFO o.a.j.JMeterGuiLauncher: Setting LAF to: com.github.weisj.darklaf.DarkLaf:com.github.weisj.darklaf.theme.DarculaTheme
2026-06-09 13:04:56,349 INFO o.a.j.r.ClassFinder: Will scan jar E:\studia\Mag-II-stoień\Semestr 1\Zaawansowane bazy danych Projekt\zdb-proj\benchmarks\apache-jmeter-5.6.3\lib\ext\jmeter-plugins-manager-1.12.jar with filter ExtendsClassFilter [parents=[interface org.apache.jmeter.gui.action.Command], inner=false, contains=null, notContains=null]. Consider exposing JMeter plugins via META-INF/services, and add JMeter-Skip-Class-Scanning=true manifest attribute so JMeter can skip classfile scanning
2026-06-09 13:04:56,462 INFO o.a.j.r.ClassFinder: Will scan jar E:\studia\Mag-II-stoień\Semestr 1\Zaawansowane bazy danych Projekt\zdb-proj\benchmarks\apache-jmeter-5.6.3\lib\ext\jmeter-plugins-casutg-3.1.1.jar with filter ExtendsClassFilter [parents=[interface org.apache.jmeter.gui.action.Command], inner=false, contains=null, notContains=null]. Consider exposing JMeter plugins via META-INF/services, and add JMeter-Skip-Class-Scanning=true manifest attribute so JMeter can skip classfile scanning
2026-06-09 13:04:56,478 INFO o.a.j.r.ClassFinder: Will scan jar E:\studia\Mag-II-stoień\Semestr 1\Zaawansowane bazy danych Projekt\zdb-proj\benchmarks\apache-jmeter-5.6.3\lib\ext\jmeter-plugins-cmn-jmeter-0.7.jar with filter ExtendsClassFilter [parents=[interface org.apache.jmeter.gui.action.Command], inner=false, contains=null, notContains=null]. Consider exposing JMeter plugins via META-INF/services, and add JMeter-Skip-Class-Scanning=true manifest attribute so JMeter can skip classfile scanning
2026-06-09 13:04:56,503 INFO o.a.j.r.ClassFinder: Will scan jar E:\studia\Mag-II-stoień\Semestr 1\Zaawansowane bazy danych Projekt\zdb-proj\benchmarks\apache-jmeter-5.6.3\lib\ext\json-lib-2.4-jdk15.jar with filter ExtendsClassFilter [parents=[interface org.apache.jmeter.gui.action.Command], inner=false, contains=null, notContains=null]. Consider exposing JMeter plugins via META-INF/services, and add JMeter-Skip-Class-Scanning=true manifest attribute so JMeter can skip classfile scanning
2026-06-09 13:04:56,503 INFO o.a.j.r.ClassFinder: Will scan jar E:\studia\Mag-II-stoień\Semestr 1\Zaawansowane bazy danych Projekt\zdb-proj\benchmarks\apache-jmeter-5.6.3\lib\ext\cmdrunner-2.3.jar with filter ExtendsClassFilter [parents=[interface org.apache.jmeter.gui.action.Command], inner=false, contains=null, notContains=null]. Consider exposing JMeter plugins via META-INF/services, and add JMeter-Skip-Class-Scanning=true manifest attribute so JMeter can skip classfile scanning
2026-06-09 13:04:56,587 INFO o.a.j.r.ClassFinder: Will scan jar E:\studia\Mag-II-stoień\Semestr 1\Zaawansowane bazy danych Projekt\zdb-proj\benchmarks\apache-jmeter-5.6.3\lib\ext\jmeter-plugins-manager-1.12.jar with filter ExtendsClassFilter [parents=[interface org.apache.jmeter.gui.plugin.MenuCreator], inner=false, contains=null, notContains=null]. Consider exposing JMeter plugins via META-INF/services, and add JMeter-Skip-Class-Scanning=true manifest attribute so JMeter can skip classfile scanning
2026-06-09 13:04:56,590 INFO o.a.j.r.ClassFinder: Will scan jar E:\studia\Mag-II-stoień\Semestr 1\Zaawansowane bazy danych Projekt\zdb-proj\benchmarks\apache-jmeter-5.6.3\lib\ext\jmeter-plugins-casutg-3.1.1.jar with filter ExtendsClassFilter [parents=[interface org.apache.jmeter.gui.plugin.MenuCreator], inner=false, contains=null, notContains=null]. Consider exposing JMeter plugins via META-INF/services, and add JMeter-Skip-Class-Scanning=true manifest attribute so JMeter can skip classfile scanning
2026-06-09 13:04:56,591 INFO o.a.j.r.ClassFinder: Will scan jar E:\studia\Mag-II-stoień\Semestr 1\Zaawansowane bazy danych Projekt\zdb-proj\benchmarks\apache-jmeter-5.6.3\lib\ext\jmeter-plugins-cmn-jmeter-0.7.jar with filter ExtendsClassFilter [parents=[interface org.apache.jmeter.gui.plugin.MenuCreator], inner=false, contains=null, notContains=null]. Consider exposing JMeter plugins via META-INF/services, and add JMeter-Skip-Class-Scanning=true manifest attribute so JMeter can skip classfile scanning
2026-06-09 13:04:56,595 INFO o.a.j.r.ClassFinder: Will scan jar E:\studia\Mag-II-stoień\Semestr 1\Zaawansowane bazy danych Projekt\zdb-proj\benchmarks\apache-jmeter-5.6.3\lib\ext\json-lib-2.4-jdk15.jar with filter ExtendsClassFilter [parents=[interface org.apache.jmeter.gui.plugin.MenuCreator], inner=false, contains=null, notContains=null]. Consider exposing JMeter plugins via META-INF/services, and add JMeter-Skip-Class-Scanning=true manifest attribute so JMeter can skip classfile scanning
2026-06-09 13:04:56,596 INFO o.a.j.r.ClassFinder: Will scan jar E:\studia\Mag-II-stoień\Semestr 1\Zaawansowane bazy danych Projekt\zdb-proj\benchmarks\apache-jmeter-5.6.3\lib\ext\cmdrunner-2.3.jar with filter ExtendsClassFilter [parents=[interface org.apache.jmeter.gui.plugin.MenuCreator], inner=false, contains=null, notContains=null]. Consider exposing JMeter plugins via META-INF/services, and add JMeter-Skip-Class-Scanning=true manifest attribute so JMeter can skip classfile scanning
2026-06-09 13:04:56,735 INFO o.j.r.JARSourceHTTP: Found cached repo
2026-06-09 13:04:56,974 INFO o.j.r.PluginManager: Plugins Status: [jpgc-casutg=3.1.1, jpgc-plugins-manager=1.12, jmeter-core=5.6.3, jmeter-ftp=5.6.3, jmeter-http=5.6.3, jmeter-jdbc=5.6.3, jmeter-jms=5.6.3, jmeter-junit=5.6.3, jmeter-java=5.6.3, jmeter-ldap=5.6.3, jmeter-mail=5.6.3, jmeter-mongodb=5.6.3, jmeter-native=5.6.3, jmeter-tcp=5.6.3, jmeter-components=5.6.3]
2026-06-09 13:05:05,056 INFO o.a.j.s.FileServer: Default base='E:\studia\Mag-II-stoień\Semestr 1\Zaawansowane bazy danych Projekt\zdb-proj\tools'
2026-06-09 13:05:05,058 INFO o.a.j.g.a.Load: Loading file: E:\studia\Mag-II-stoień\Semestr 1\Zaawansowane bazy danych Projekt\zdb-proj\tools\jp@gc - Stepping Thread Group.jmx
2026-06-09 13:05:05,059 INFO o.a.j.s.FileServer: Set new base='E:\studia\Mag-II-stoień\Semestr 1\Zaawansowane bazy danych Projekt\zdb-proj\tools'
2026-06-09 13:05:05,266 INFO o.a.j.s.SaveService: Testplan (JMX) version: 2.2. Testlog (JTL) version: 2.2
2026-06-09 13:05:05,273 INFO o.a.j.s.SaveService: Using SaveService properties version 5.0
2026-06-09 13:05:05,275 INFO o.a.j.s.SaveService: Using SaveService properties file encoding UTF-8
2026-06-09 13:05:05,278 INFO o.a.j.s.SaveService: Loading file: E:\studia\Mag-II-stoień\Semestr 1\Zaawansowane bazy danych Projekt\zdb-proj\tools\jp@gc - Stepping Thread Group.jmx
2026-06-09 13:05:05,390 INFO o.a.j.p.h.s.HTTPSamplerBase: Parser for text/html is org.apache.jmeter.protocol.http.parser.LagartoBasedHtmlParser
2026-06-09 13:05:05,390 INFO o.a.j.p.h.s.HTTPSamplerBase: Parser for application/xhtml+xml is org.apache.jmeter.protocol.http.parser.LagartoBasedHtmlParser
2026-06-09 13:05:05,390 INFO o.a.j.p.h.s.HTTPSamplerBase: Parser for application/xml is org.apache.jmeter.protocol.http.parser.LagartoBasedHtmlParser
2026-06-09 13:05:05,390 INFO o.a.j.p.h.s.HTTPSamplerBase: Parser for text/xml is org.apache.jmeter.protocol.http.parser.LagartoBasedHtmlParser
2026-06-09 13:05:05,390 INFO o.a.j.p.h.s.HTTPSamplerBase: Parser for text/vnd.wap.wml is org.apache.jmeter.protocol.http.parser.RegexpHTMLParser
2026-06-09 13:05:05,390 INFO o.a.j.p.h.s.HTTPSamplerBase: Parser for text/css is org.apache.jmeter.protocol.http.parser.CssParser
2026-06-09 13:05:05,479 INFO o.a.j.e.u.CompoundVariable: Note: Function class names must contain the string: '.functions.'
2026-06-09 13:05:05,479 INFO o.a.j.e.u.CompoundVariable: Note: Function class names must not contain the string: '.gui.'
2026-06-09 13:05:05,533 INFO o.a.j.r.ClassFinder: Will scan jar E:\studia\Mag-II-stoień\Semestr 1\Zaawansowane bazy danych Projekt\zdb-proj\benchmarks\apache-jmeter-5.6.3\lib\ext\jmeter-plugins-manager-1.12.jar with filter ExtendsClassFilter [parents=[interface org.apache.jmeter.functions.Function], inner=false, contains=null, notContains=null]. Consider exposing JMeter plugins via META-INF/services, and add JMeter-Skip-Class-Scanning=true manifest attribute so JMeter can skip classfile scanning
2026-06-09 13:05:05,535 INFO o.a.j.r.ClassFinder: Will scan jar E:\studia\Mag-II-stoień\Semestr 1\Zaawansowane bazy danych Projekt\zdb-proj\benchmarks\apache-jmeter-5.6.3\lib\ext\jmeter-plugins-casutg-3.1.1.jar with filter ExtendsClassFilter [parents=[interface org.apache.jmeter.functions.Function], inner=false, contains=null, notContains=null]. Consider exposing JMeter plugins via META-INF/services, and add JMeter-Skip-Class-Scanning=true manifest attribute so JMeter can skip classfile scanning
2026-06-09 13:05:05,536 INFO o.a.j.r.ClassFinder: Will scan jar E:\studia\Mag-II-stoień\Semestr 1\Zaawansowane bazy danych Projekt\zdb-proj\benchmarks\apache-jmeter-5.6.3\lib\ext\jmeter-plugins-cmn-jmeter-0.7.jar with filter ExtendsClassFilter [parents=[interface org.apache.jmeter.functions.Function], inner=false, contains=null, notContains=null]. Consider exposing JMeter plugins via META-INF/services, and add JMeter-Skip-Class-Scanning=true manifest attribute so JMeter can skip classfile scanning
2026-06-09 13:05:05,537 INFO o.a.j.r.ClassFinder: Will scan jar E:\studia\Mag-II-stoień\Semestr 1\Zaawansowane bazy danych Projekt\zdb-proj\benchmarks\apache-jmeter-5.6.3\lib\ext\json-lib-2.4-jdk15.jar with filter ExtendsClassFilter [parents=[interface org.apache.jmeter.functions.Function], inner=false, contains=null, notContains=null]. Consider exposing JMeter plugins via META-INF/services, and add JMeter-Skip-Class-Scanning=true manifest attribute so JMeter can skip classfile scanning
2026-06-09 13:05:05,538 INFO o.a.j.r.ClassFinder: Will scan jar E:\studia\Mag-II-stoień\Semestr 1\Zaawansowane bazy danych Projekt\zdb-proj\benchmarks\apache-jmeter-5.6.3\lib\ext\cmdrunner-2.3.jar with filter ExtendsClassFilter [parents=[interface org.apache.jmeter.functions.Function], inner=false, contains=null, notContains=null]. Consider exposing JMeter plugins via META-INF/services, and add JMeter-Skip-Class-Scanning=true manifest attribute so JMeter can skip classfile scanning
2026-06-09 13:05:05,851 INFO o.a.j.s.SampleResult: Note: Sample TimeStamps are START times
2026-06-09 13:05:05,851 INFO o.a.j.s.SampleResult: sampleresult.default.encoding is set to UTF-8
2026-06-09 13:05:05,851 INFO o.a.j.s.SampleResult: sampleresult.useNanoTime=true
2026-06-09 13:05:05,852 INFO o.a.j.s.SampleResult: sampleresult.nanoThreadSleep=5000
2026-06-09 13:05:05,985 INFO o.a.j.r.ClassFinder: Will scan jar E:\studia\Mag-II-stoień\Semestr 1\Zaawansowane bazy danych Projekt\zdb-proj\benchmarks\apache-jmeter-5.6.3\lib\ext\jmeter-plugins-manager-1.12.jar with filter ExtendsClassFilter [parents=[interface org.apache.jmeter.visualizers.ResultRenderer], inner=false, contains=null, notContains=null]. Consider exposing JMeter plugins via META-INF/services, and add JMeter-Skip-Class-Scanning=true manifest attribute so JMeter can skip classfile scanning
2026-06-09 13:05:05,987 INFO o.a.j.r.ClassFinder: Will scan jar E:\studia\Mag-II-stoień\Semestr 1\Zaawansowane bazy danych Projekt\zdb-proj\benchmarks\apache-jmeter-5.6.3\lib\ext\jmeter-plugins-casutg-3.1.1.jar with filter ExtendsClassFilter [parents=[interface org.apache.jmeter.visualizers.ResultRenderer], inner=false, contains=null, notContains=null]. Consider exposing JMeter plugins via META-INF/services, and add JMeter-Skip-Class-Scanning=true manifest attribute so JMeter can skip classfile scanning
2026-06-09 13:05:05,988 INFO o.a.j.r.ClassFinder: Will scan jar E:\studia\Mag-II-stoień\Semestr 1\Zaawansowane bazy danych Projekt\zdb-proj\benchmarks\apache-jmeter-5.6.3\lib\ext\jmeter-plugins-cmn-jmeter-0.7.jar with filter ExtendsClassFilter [parents=[interface org.apache.jmeter.visualizers.ResultRenderer], inner=false, contains=null, notContains=null]. Consider exposing JMeter plugins via META-INF/services, and add JMeter-Skip-Class-Scanning=true manifest attribute so JMeter can skip classfile scanning
2026-06-09 13:05:05,989 INFO o.a.j.r.ClassFinder: Will scan jar E:\studia\Mag-II-stoień\Semestr 1\Zaawansowane bazy danych Projekt\zdb-proj\benchmarks\apache-jmeter-5.6.3\lib\ext\json-lib-2.4-jdk15.jar with filter ExtendsClassFilter [parents=[interface org.apache.jmeter.visualizers.ResultRenderer], inner=false, contains=null, notContains=null]. Consider exposing JMeter plugins via META-INF/services, and add JMeter-Skip-Class-Scanning=true manifest attribute so JMeter can skip classfile scanning
2026-06-09 13:05:05,990 INFO o.a.j.r.ClassFinder: Will scan jar E:\studia\Mag-II-stoień\Semestr 1\Zaawansowane bazy danych Projekt\zdb-proj\benchmarks\apache-jmeter-5.6.3\lib\ext\cmdrunner-2.3.jar with filter ExtendsClassFilter [parents=[interface org.apache.jmeter.visualizers.ResultRenderer], inner=false, contains=null, notContains=null]. Consider exposing JMeter plugins via META-INF/services, and add JMeter-Skip-Class-Scanning=true manifest attribute so JMeter can skip classfile scanning
2026-06-09 13:05:06,009 INFO o.a.j.r.ClassFinder: Will scan jar E:\studia\Mag-II-stoień\Semestr 1\Zaawansowane bazy danych Projekt\zdb-proj\benchmarks\apache-jmeter-5.6.3\lib\ext\jmeter-plugins-manager-1.12.jar with filter ExtendsClassFilter [parents=[interface org.apache.jmeter.visualizers.RequestView], inner=false, contains=null, notContains=null]. Consider exposing JMeter plugins via META-INF/services, and add JMeter-Skip-Class-Scanning=true manifest attribute so JMeter can skip classfile scanning
2026-06-09 13:05:06,011 INFO o.a.j.r.ClassFinder: Will scan jar E:\studia\Mag-II-stoień\Semestr 1\Zaawansowane bazy danych Projekt\zdb-proj\benchmarks\apache-jmeter-5.6.3\lib\ext\jmeter-plugins-casutg-3.1.1.jar with filter ExtendsClassFilter [parents=[interface org.apache.jmeter.visualizers.RequestView], inner=false, contains=null, notContains=null]. Consider exposing JMeter plugins via META-INF/services, and add JMeter-Skip-Class-Scanning=true manifest attribute so JMeter can skip classfile scanning
2026-06-09 13:05:06,014 INFO o.a.j.r.ClassFinder: Will scan jar E:\studia\Mag-II-stoień\Semestr 1\Zaawansowane bazy danych Projekt\zdb-proj\benchmarks\apache-jmeter-5.6.3\lib\ext\jmeter-plugins-cmn-jmeter-0.7.jar with filter ExtendsClassFilter [parents=[interface org.apache.jmeter.visualizers.RequestView], inner=false, contains=null, notContains=null]. Consider exposing JMeter plugins via META-INF/services, and add JMeter-Skip-Class-Scanning=true manifest attribute so JMeter can skip classfile scanning
2026-06-09 13:05:06,016 INFO o.a.j.r.ClassFinder: Will scan jar E:\studia\Mag-II-stoień\Semestr 1\Zaawansowane bazy danych Projekt\zdb-proj\benchmarks\apache-jmeter-5.6.3\lib\ext\json-lib-2.4-jdk15.jar with filter ExtendsClassFilter [parents=[interface org.apache.jmeter.visualizers.RequestView], inner=false, contains=null, notContains=null]. Consider exposing JMeter plugins via META-INF/services, and add JMeter-Skip-Class-Scanning=true manifest attribute so JMeter can skip classfile scanning
2026-06-09 13:05:06,017 INFO o.a.j.r.ClassFinder: Will scan jar E:\studia\Mag-II-stoień\Semestr 1\Zaawansowane bazy danych Projekt\zdb-proj\benchmarks\apache-jmeter-5.6.3\lib\ext\cmdrunner-2.3.jar with filter ExtendsClassFilter [parents=[interface org.apache.jmeter.visualizers.RequestView], inner=false, contains=null, notContains=null]. Consider exposing JMeter plugins via META-INF/services, and add JMeter-Skip-Class-Scanning=true manifest attribute so JMeter can skip classfile scanning
2026-06-09 13:05:06,090 INFO o.a.j.s.FileServer: Set new base='E:\studia\Mag-II-stoień\Semestr 1\Zaawansowane bazy danych Projekt\zdb-proj\tools'
2026-06-09 13:05:13,459 INFO o.a.j.e.StandardJMeterEngine: Running the test!
2026-06-09 13:05:13,460 INFO o.a.j.s.SampleEvent: List of sample_variables: []
2026-06-09 13:05:13,460 INFO o.a.j.s.SampleEvent: List of sample_variables: []
2026-06-09 13:05:13,462 INFO o.a.j.g.u.JMeterMenuBar: setRunning(true, *local*)
2026-06-09 13:05:13,494 INFO o.a.j.e.StandardJMeterEngine: Starting ThreadGroup: 1 : jp@gc - Stepping Thread Group
2026-06-09 13:05:13,495 INFO o.a.j.e.StandardJMeterEngine: Starting 100 threads for group jp@gc - Stepping Thread Group.
2026-06-09 13:05:13,495 INFO o.a.j.e.StandardJMeterEngine: Thread will continue on error
2026-06-09 13:05:13,495 INFO k.a.j.t.AbstractSimpleThreadGroup: Starting thread group number 1 threads 100
2026-06-09 13:05:13,503 INFO o.a.j.t.JMeterThread: Thread started: jp@gc - Stepping Thread Group 1-9
2026-06-09 13:05:13,503 INFO o.a.j.t.JMeterThread: Thread started: jp@gc - Stepping Thread Group 1-7
2026-06-09 13:05:13,503 INFO o.a.j.t.JMeterThread: Thread started: jp@gc - Stepping Thread Group 1-2
2026-06-09 13:05:13,503 INFO o.a.j.t.JMeterThread: Thread started: jp@gc - Stepping Thread Group 1-8
2026-06-09 13:05:13,503 INFO o.a.j.t.JMeterThread: Thread started: jp@gc - Stepping Thread Group 1-3
2026-06-09 13:05:13,503 INFO o.a.j.t.JMeterThread: Thread started: jp@gc - Stepping Thread Group 1-4
2026-06-09 13:05:13,503 INFO o.a.j.t.JMeterThread: Thread started: jp@gc - Stepping Thread Group 1-1
2026-06-09 13:05:13,503 INFO o.a.j.t.JMeterThread: Thread started: jp@gc - Stepping Thread Group 1-6
2026-06-09 13:05:13,503 INFO o.a.j.t.JMeterThread: Thread started: jp@gc - Stepping Thread Group 1-5
2026-06-09 13:05:13,503 INFO o.a.j.t.JMeterThread: Thread started: jp@gc - Stepping Thread Group 1-10
2026-06-09 13:05:13,507 INFO o.a.j.s.FileServer: Stored: group_ids.csv
2026-06-09 13:05:13,547 INFO k.a.j.t.AbstractSimpleThreadGroup: Started thread group number 1
2026-06-09 13:05:13,547 INFO o.a.j.e.StandardJMeterEngine: All thread groups have been started
2026-06-09 13:05:13,554 INFO o.a.j.s.FileServer: Stored: student_ids.csv Alias: student_ids.csv@28680299
2026-06-09 13:05:13,555 INFO o.a.j.s.FileServer: Stored: student_ids.csv Alias: student_ids.csv@1029549784
2026-06-09 13:05:13,555 INFO o.a.j.s.FileServer: Stored: student_ids.csv Alias: student_ids.csv@957157737
2026-06-09 13:05:13,556 INFO o.a.j.s.FileServer: Stored: student_ids.csv Alias: student_ids.csv@342096729
2026-06-09 13:05:13,556 INFO o.a.j.s.FileServer: Stored: student_ids.csv Alias: student_ids.csv@185643266
2026-06-09 13:05:13,557 INFO o.a.j.s.FileServer: Stored: student_ids.csv Alias: student_ids.csv@715379474
2026-06-09 13:05:13,557 INFO o.a.j.s.FileServer: Stored: student_ids.csv Alias: student_ids.csv@1423935042
2026-06-09 13:05:13,557 INFO o.a.j.s.FileServer: Stored: student_ids.csv Alias: student_ids.csv@212157843
2026-06-09 13:05:13,558 INFO o.a.j.s.FileServer: Stored: student_ids.csv Alias: student_ids.csv@230502675
2026-06-09 13:05:13,559 INFO o.a.j.s.FileServer: Stored: student_ids.csv Alias: student_ids.csv@22657844
2026-06-09 13:05:13,562 INFO o.a.j.p.h.s.HTTPHCAbstractImpl: Local host = DESKTOP-6M5TSO3
2026-06-09 13:05:13,574 INFO o.a.j.p.h.s.HTTPHC4Impl: HTTP request retry count = 0
2026-06-09 13:05:13,893 INFO o.a.j.t.JMeterThread: Thread is done: jp@gc - Stepping Thread Group 1-7
2026-06-09 13:05:13,893 INFO o.a.j.t.JMeterThread: Thread is done: jp@gc - Stepping Thread Group 1-10
2026-06-09 13:05:13,894 INFO o.a.j.t.JMeterThread: Thread finished: jp@gc - Stepping Thread Group 1-7
2026-06-09 13:05:13,894 INFO o.a.j.t.JMeterThread: Thread finished: jp@gc - Stepping Thread Group 1-10
2026-06-09 13:05:13,899 INFO o.a.j.t.JMeterThread: Thread is done: jp@gc - Stepping Thread Group 1-3
2026-06-09 13:05:13,899 INFO o.a.j.t.JMeterThread: Thread finished: jp@gc - Stepping Thread Group 1-3
2026-06-09 13:05:13,900 INFO o.a.j.t.JMeterThread: Thread is done: jp@gc - Stepping Thread Group 1-8
2026-06-09 13:05:13,900 INFO o.a.j.t.JMeterThread: Thread is done: jp@gc - Stepping Thread Group 1-5
2026-06-09 13:05:13,900 INFO o.a.j.t.JMeterThread: Thread finished: jp@gc - Stepping Thread Group 1-8
2026-06-09 13:05:13,900 INFO o.a.j.t.JMeterThread: Thread finished: jp@gc - Stepping Thread Group 1-5
2026-06-09 13:05:13,903 INFO o.a.j.t.JMeterThread: Thread is done: jp@gc - Stepping Thread Group 1-4
2026-06-09 13:05:13,903 INFO o.a.j.t.JMeterThread: Thread is done: jp@gc - Stepping Thread Group 1-1
2026-06-09 13:05:13,903 INFO o.a.j.t.JMeterThread: Thread finished: jp@gc - Stepping Thread Group 1-1
2026-06-09 13:05:13,903 INFO o.a.j.t.JMeterThread: Thread finished: jp@gc - Stepping Thread Group 1-4
2026-06-09 13:05:13,910 INFO o.a.j.t.JMeterThread: Thread is done: jp@gc - Stepping Thread Group 1-9
2026-06-09 13:05:13,910 INFO o.a.j.t.JMeterThread: Thread is done: jp@gc - Stepping Thread Group 1-2
2026-06-09 13:05:13,910 INFO o.a.j.t.JMeterThread: Thread finished: jp@gc - Stepping Thread Group 1-9
2026-06-09 13:05:13,910 INFO o.a.j.t.JMeterThread: Thread finished: jp@gc - Stepping Thread Group 1-2
2026-06-09 13:05:13,913 INFO o.a.j.t.JMeterThread: Thread is done: jp@gc - Stepping Thread Group 1-6
2026-06-09 13:05:13,913 INFO o.a.j.t.JMeterThread: Thread finished: jp@gc - Stepping Thread Group 1-6
2026-06-09 13:05:43,496 INFO o.a.j.t.JMeterThread: Thread started: jp@gc - Stepping Thread Group 1-17
2026-06-09 13:05:43,496 INFO o.a.j.t.JMeterThread: Thread started: jp@gc - Stepping Thread Group 1-12
2026-06-09 13:05:43,496 INFO o.a.j.t.JMeterThread: Thread started: jp@gc - Stepping Thread Group 1-14
2026-06-09 13:05:43,496 INFO o.a.j.t.JMeterThread: Thread started: jp@gc - Stepping Thread Group 1-16
2026-06-09 13:05:43,496 INFO o.a.j.t.JMeterThread: Thread started: jp@gc - Stepping Thread Group 1-20
2026-06-09 13:05:43,496 INFO o.a.j.t.JMeterThread: Thread started: jp@gc - Stepping Thread Group 1-13
2026-06-09 13:05:43,496 INFO o.a.j.t.JMeterThread: Thread started: jp@gc - Stepping Thread Group 1-18
2026-06-09 13:05:43,496 INFO o.a.j.t.JMeterThread: Thread started: jp@gc - Stepping Thread Group 1-15
2026-06-09 13:05:43,496 INFO o.a.j.t.JMeterThread: Thread started: jp@gc - Stepping Thread Group 1-11
2026-06-09 13:05:43,496 INFO o.a.j.t.JMeterThread: Thread started: jp@gc - Stepping Thread Group 1-19
2026-06-09 13:05:43,497 INFO o.a.j.s.FileServer: Stored: student_ids.csv Alias: student_ids.csv@1761991319
2026-06-09 13:05:43,498 INFO o.a.j.s.FileServer: Stored: student_ids.csv Alias: student_ids.csv@163737963
2026-06-09 13:05:43,498 INFO o.a.j.s.FileServer: Stored: student_ids.csv Alias: student_ids.csv@784618349
2026-06-09 13:05:43,499 INFO o.a.j.s.FileServer: Stored: student_ids.csv Alias: student_ids.csv@1029539865
2026-06-09 13:05:43,501 INFO o.a.j.s.FileServer: Stored: student_ids.csv Alias: student_ids.csv@609947474
2026-06-09 13:05:43,501 INFO o.a.j.s.FileServer: Stored: student_ids.csv Alias: student_ids.csv@1453882242
2026-06-09 13:05:43,502 INFO o.a.j.s.FileServer: Stored: student_ids.csv Alias: student_ids.csv@1974386018
2026-06-09 13:05:43,503 INFO o.a.j.s.FileServer: Stored: student_ids.csv Alias: student_ids.csv@275287885
2026-06-09 13:05:43,505 INFO o.a.j.s.FileServer: Stored: student_ids.csv Alias: student_ids.csv@479478627
2026-06-09 13:05:43,507 INFO o.a.j.s.FileServer: Stored: student_ids.csv Alias: student_ids.csv@513626583
2026-06-09 13:05:43,708 INFO o.a.j.t.JMeterThread: Thread is done: jp@gc - Stepping Thread Group 1-11
2026-06-09 13:05:43,708 INFO o.a.j.t.JMeterThread: Thread is done: jp@gc - Stepping Thread Group 1-12
2026-06-09 13:05:43,708 INFO o.a.j.t.JMeterThread: Thread finished: jp@gc - Stepping Thread Group 1-11
2026-06-09 13:05:43,708 INFO o.a.j.t.JMeterThread: Thread finished: jp@gc - Stepping Thread Group 1-12
2026-06-09 13:05:43,708 INFO o.a.j.t.JMeterThread: Thread is done: jp@gc - Stepping Thread Group 1-19
2026-06-09 13:05:43,708 INFO o.a.j.t.JMeterThread: Thread finished: jp@gc - Stepping Thread Group 1-19
2026-06-09 13:05:43,709 INFO o.a.j.t.JMeterThread: Thread is done: jp@gc - Stepping Thread Group 1-18
2026-06-09 13:05:43,709 INFO o.a.j.t.JMeterThread: Thread finished: jp@gc - Stepping Thread Group 1-18
2026-06-09 13:05:43,712 INFO o.a.j.t.JMeterThread: Thread is done: jp@gc - Stepping Thread Group 1-16
2026-06-09 13:05:43,712 INFO o.a.j.t.JMeterThread: Thread is done: jp@gc - Stepping Thread Group 1-15
2026-06-09 13:05:43,713 INFO o.a.j.t.JMeterThread: Thread finished: jp@gc - Stepping Thread Group 1-16
2026-06-09 13:05:43,713 INFO o.a.j.t.JMeterThread: Thread finished: jp@gc - Stepping Thread Group 1-15
2026-06-09 13:05:43,715 INFO o.a.j.t.JMeterThread: Thread is done: jp@gc - Stepping Thread Group 1-17
2026-06-09 13:05:43,715 INFO o.a.j.t.JMeterThread: Thread finished: jp@gc - Stepping Thread Group 1-17
2026-06-09 13:05:43,716 INFO o.a.j.t.JMeterThread: Thread is done: jp@gc - Stepping Thread Group 1-14
2026-06-09 13:05:43,716 INFO o.a.j.t.JMeterThread: Thread is done: jp@gc - Stepping Thread Group 1-20
2026-06-09 13:05:43,716 INFO o.a.j.t.JMeterThread: Thread finished: jp@gc - Stepping Thread Group 1-14
2026-06-09 13:05:43,716 INFO o.a.j.t.JMeterThread: Thread finished: jp@gc - Stepping Thread Group 1-20
2026-06-09 13:05:43,718 INFO o.a.j.t.JMeterThread: Thread is done: jp@gc - Stepping Thread Group 1-13
2026-06-09 13:05:43,718 INFO o.a.j.t.JMeterThread: Thread finished: jp@gc - Stepping Thread Group 1-13
2026-06-09 13:06:13,507 INFO o.a.j.t.JMeterThread: Thread started: jp@gc - Stepping Thread Group 1-29
2026-06-09 13:06:13,507 INFO o.a.j.t.JMeterThread: Thread started: jp@gc - Stepping Thread Group 1-30
2026-06-09 13:06:13,507 INFO o.a.j.t.JMeterThread: Thread started: jp@gc - Stepping Thread Group 1-23
2026-06-09 13:06:13,507 INFO o.a.j.t.JMeterThread: Thread started: jp@gc - Stepping Thread Group 1-21
2026-06-09 13:06:13,507 INFO o.a.j.t.JMeterThread: Thread started: jp@gc - Stepping Thread Group 1-25
2026-06-09 13:06:13,507 INFO o.a.j.t.JMeterThread: Thread started: jp@gc - Stepping Thread Group 1-22
2026-06-09 13:06:13,507 INFO o.a.j.t.JMeterThread: Thread started: jp@gc - Stepping Thread Group 1-24
2026-06-09 13:06:13,507 INFO o.a.j.t.JMeterThread: Thread started: jp@gc - Stepping Thread Group 1-27
2026-06-09 13:06:13,507 INFO o.a.j.t.JMeterThread: Thread started: jp@gc - Stepping Thread Group 1-26
2026-06-09 13:06:13,507 INFO o.a.j.t.JMeterThread: Thread started: jp@gc - Stepping Thread Group 1-28
2026-06-09 13:06:13,508 INFO o.a.j.s.FileServer: Stored: student_ids.csv Alias: student_ids.csv@602276349
2026-06-09 13:06:13,508 INFO o.a.j.s.FileServer: Stored: student_ids.csv Alias: student_ids.csv@195580146
2026-06-09 13:06:13,509 INFO o.a.j.s.FileServer: Stored: student_ids.csv Alias: student_ids.csv@201441462
2026-06-09 13:06:13,509 INFO o.a.j.s.FileServer: Stored: student_ids.csv Alias: student_ids.csv@1574750860
2026-06-09 13:06:13,510 INFO o.a.j.s.FileServer: Stored: student_ids.csv Alias: student_ids.csv@1616141543
2026-06-09 13:06:13,510 INFO o.a.j.s.FileServer: Stored: student_ids.csv Alias: student_ids.csv@158637992
2026-06-09 13:06:13,510 INFO o.a.j.s.FileServer: Stored: student_ids.csv Alias: student_ids.csv@1213362555
2026-06-09 13:06:13,511 INFO o.a.j.s.FileServer: Stored: student_ids.csv Alias: student_ids.csv@371554274
2026-06-09 13:06:13,513 INFO o.a.j.s.FileServer: Stored: student_ids.csv Alias: student_ids.csv@828170586
2026-06-09 13:06:13,514 INFO o.a.j.s.FileServer: Stored: student_ids.csv Alias: student_ids.csv@866906933
2026-06-09 13:06:13,696 INFO o.a.j.t.JMeterThread: Thread is done: jp@gc - Stepping Thread Group 1-28
2026-06-09 13:06:13,696 INFO o.a.j.t.JMeterThread: Thread finished: jp@gc - Stepping Thread Group 1-28
2026-06-09 13:06:13,699 INFO o.a.j.t.JMeterThread: Thread is done: jp@gc - Stepping Thread Group 1-27
2026-06-09 13:06:13,699 INFO o.a.j.t.JMeterThread: Thread is done: jp@gc - Stepping Thread Group 1-21
2026-06-09 13:06:13,699 INFO o.a.j.t.JMeterThread: Thread finished: jp@gc - Stepping Thread Group 1-21
2026-06-09 13:06:13,699 INFO o.a.j.t.JMeterThread: Thread finished: jp@gc - Stepping Thread Group 1-27
2026-06-09 13:06:13,704 INFO o.a.j.t.JMeterThread: Thread is done: jp@gc - Stepping Thread Group 1-23
2026-06-09 13:06:13,704 INFO o.a.j.t.JMeterThread: Thread finished: jp@gc - Stepping Thread Group 1-23
2026-06-09 13:06:13,706 INFO o.a.j.t.JMeterThread: Thread is done: jp@gc - Stepping Thread Group 1-25
2026-06-09 13:06:13,706 INFO o.a.j.t.JMeterThread: Thread finished: jp@gc - Stepping Thread Group 1-25
2026-06-09 13:06:13,708 INFO o.a.j.t.JMeterThread: Thread is done: jp@gc - Stepping Thread Group 1-29
2026-06-09 13:06:13,708 INFO o.a.j.t.JMeterThread: Thread is done: jp@gc - Stepping Thread Group 1-22
2026-06-09 13:06:13,708 INFO o.a.j.t.JMeterThread: Thread is done: jp@gc - Stepping Thread Group 1-24
2026-06-09 13:06:13,708 INFO o.a.j.t.JMeterThread: Thread finished: jp@gc - Stepping Thread Group 1-29
2026-06-09 13:06:13,708 INFO o.a.j.t.JMeterThread: Thread finished: jp@gc - Stepping Thread Group 1-22
2026-06-09 13:06:13,708 INFO o.a.j.t.JMeterThread: Thread finished: jp@gc - Stepping Thread Group 1-24
2026-06-09 13:06:13,712 INFO o.a.j.t.JMeterThread: Thread is done: jp@gc - Stepping Thread Group 1-26
2026-06-09 13:06:13,712 INFO o.a.j.t.JMeterThread: Thread finished: jp@gc - Stepping Thread Group 1-26
2026-06-09 13:06:13,723 INFO o.a.j.t.JMeterThread: Thread is done: jp@gc - Stepping Thread Group 1-30
2026-06-09 13:06:13,724 INFO o.a.j.t.JMeterThread: Thread finished: jp@gc - Stepping Thread Group 1-30
2026-06-09 13:06:43,507 INFO o.a.j.t.JMeterThread: Thread started: jp@gc - Stepping Thread Group 1-34
2026-06-09 13:06:43,507 INFO o.a.j.t.JMeterThread: Thread started: jp@gc - Stepping Thread Group 1-40
2026-06-09 13:06:43,507 INFO o.a.j.t.JMeterThread: Thread started: jp@gc - Stepping Thread Group 1-32
2026-06-09 13:06:43,507 INFO o.a.j.t.JMeterThread: Thread started: jp@gc - Stepping Thread Group 1-35
2026-06-09 13:06:43,507 INFO o.a.j.t.JMeterThread: Thread started: jp@gc - Stepping Thread Group 1-37
2026-06-09 13:06:43,507 INFO o.a.j.t.JMeterThread: Thread started: jp@gc - Stepping Thread Group 1-38
2026-06-09 13:06:43,507 INFO o.a.j.t.JMeterThread: Thread started: jp@gc - Stepping Thread Group 1-36
2026-06-09 13:06:43,507 INFO o.a.j.t.JMeterThread: Thread started: jp@gc - Stepping Thread Group 1-39
2026-06-09 13:06:43,507 INFO o.a.j.t.JMeterThread: Thread started: jp@gc - Stepping Thread Group 1-31
2026-06-09 13:06:43,507 INFO o.a.j.t.JMeterThread: Thread started: jp@gc - Stepping Thread Group 1-33
2026-06-09 13:06:43,507 INFO o.a.j.s.FileServer: Stored: student_ids.csv Alias: student_ids.csv@1027976604
2026-06-09 13:06:43,508 INFO o.a.j.s.FileServer: Stored: student_ids.csv Alias: student_ids.csv@699852062
2026-06-09 13:06:43,508 INFO o.a.j.s.FileServer: Stored: student_ids.csv Alias: student_ids.csv@1089059325
2026-06-09 13:06:43,509 INFO o.a.j.s.FileServer: Stored: student_ids.csv Alias: student_ids.csv@1098169567
2026-06-09 13:06:43,509 INFO o.a.j.s.FileServer: Stored: student_ids.csv Alias: student_ids.csv@1540521860
2026-06-09 13:06:43,510 INFO o.a.j.s.FileServer: Stored: student_ids.csv Alias: student_ids.csv@229876577
2026-06-09 13:06:43,510 INFO o.a.j.s.FileServer: Stored: student_ids.csv Alias: student_ids.csv@2105327133
2026-06-09 13:06:43,510 INFO o.a.j.s.FileServer: Stored: student_ids.csv Alias: student_ids.csv@50829450
2026-06-09 13:06:43,512 INFO o.a.j.s.FileServer: Stored: student_ids.csv Alias: student_ids.csv@930615033
2026-06-09 13:06:43,512 INFO o.a.j.s.FileServer: Stored: student_ids.csv Alias: student_ids.csv@159822692
2026-06-09 13:06:43,705 INFO o.a.j.t.JMeterThread: Thread is done: jp@gc - Stepping Thread Group 1-32
2026-06-09 13:06:43,705 INFO o.a.j.t.JMeterThread: Thread finished: jp@gc - Stepping Thread Group 1-32
2026-06-09 13:06:43,705 INFO o.a.j.t.JMeterThread: Thread is done: jp@gc - Stepping Thread Group 1-38
2026-06-09 13:06:43,705 INFO o.a.j.t.JMeterThread: Thread is done: jp@gc - Stepping Thread Group 1-34
2026-06-09 13:06:43,706 INFO o.a.j.t.JMeterThread: Thread finished: jp@gc - Stepping Thread Group 1-38
2026-06-09 13:06:43,706 INFO o.a.j.t.JMeterThread: Thread finished: jp@gc - Stepping Thread Group 1-34
2026-06-09 13:06:43,706 INFO o.a.j.t.JMeterThread: Thread is done: jp@gc - Stepping Thread Group 1-35
2026-06-09 13:06:43,706 INFO o.a.j.t.JMeterThread: Thread finished: jp@gc - Stepping Thread Group 1-35
2026-06-09 13:06:43,706 INFO o.a.j.t.JMeterThread: Thread is done: jp@gc - Stepping Thread Group 1-36
2026-06-09 13:06:43,706 INFO o.a.j.t.JMeterThread: Thread is done: jp@gc - Stepping Thread Group 1-31
2026-06-09 13:06:43,706 INFO o.a.j.t.JMeterThread: Thread finished: jp@gc - Stepping Thread Group 1-31
2026-06-09 13:06:43,706 INFO o.a.j.t.JMeterThread: Thread finished: jp@gc - Stepping Thread Group 1-36
2026-06-09 13:06:43,707 INFO o.a.j.t.JMeterThread: Thread is done: jp@gc - Stepping Thread Group 1-39
2026-06-09 13:06:43,707 INFO o.a.j.t.JMeterThread: Thread is done: jp@gc - Stepping Thread Group 1-33
2026-06-09 13:06:43,707 INFO o.a.j.t.JMeterThread: Thread is done: jp@gc - Stepping Thread Group 1-40
2026-06-09 13:06:43,708 INFO o.a.j.t.JMeterThread: Thread finished: jp@gc - Stepping Thread Group 1-39
2026-06-09 13:06:43,708 INFO o.a.j.t.JMeterThread: Thread finished: jp@gc - Stepping Thread Group 1-33
2026-06-09 13:06:43,708 INFO o.a.j.t.JMeterThread: Thread finished: jp@gc - Stepping Thread Group 1-40
2026-06-09 13:06:43,708 INFO o.a.j.t.JMeterThread: Thread is done: jp@gc - Stepping Thread Group 1-37
2026-06-09 13:06:43,708 INFO o.a.j.t.JMeterThread: Thread finished: jp@gc - Stepping Thread Group 1-37
2026-06-09 13:07:13,497 INFO o.a.j.t.JMeterThread: Thread started: jp@gc - Stepping Thread Group 1-45
2026-06-09 13:07:13,497 INFO o.a.j.t.JMeterThread: Thread started: jp@gc - Stepping Thread Group 1-42
2026-06-09 13:07:13,497 INFO o.a.j.t.JMeterThread: Thread started: jp@gc - Stepping Thread Group 1-48
2026-06-09 13:07:13,497 INFO o.a.j.t.JMeterThread: Thread started: jp@gc - Stepping Thread Group 1-50
2026-06-09 13:07:13,497 INFO o.a.j.t.JMeterThread: Thread started: jp@gc - Stepping Thread Group 1-44
2026-06-09 13:07:13,497 INFO o.a.j.t.JMeterThread: Thread started: jp@gc - Stepping Thread Group 1-43
2026-06-09 13:07:13,497 INFO o.a.j.t.JMeterThread: Thread started: jp@gc - Stepping Thread Group 1-47
2026-06-09 13:07:13,497 INFO o.a.j.t.JMeterThread: Thread started: jp@gc - Stepping Thread Group 1-46
2026-06-09 13:07:13,497 INFO o.a.j.t.JMeterThread: Thread started: jp@gc - Stepping Thread Group 1-41
2026-06-09 13:07:13,497 INFO o.a.j.t.JMeterThread: Thread started: jp@gc - Stepping Thread Group 1-49
2026-06-09 13:07:13,497 INFO o.a.j.s.FileServer: Stored: student_ids.csv Alias: student_ids.csv@715956035
2026-06-09 13:07:13,497 INFO o.a.j.s.FileServer: Stored: student_ids.csv Alias: student_ids.csv@177625860
2026-06-09 13:07:13,498 INFO o.a.j.s.FileServer: Stored: student_ids.csv Alias: student_ids.csv@1926570741
2026-06-09 13:07:13,498 INFO o.a.j.s.FileServer: Stored: student_ids.csv Alias: student_ids.csv@1400690689
2026-06-09 13:07:13,498 INFO o.a.j.s.FileServer: Stored: student_ids.csv Alias: student_ids.csv@543580529
2026-06-09 13:07:13,499 INFO o.a.j.s.FileServer: Stored: student_ids.csv Alias: student_ids.csv@595640649
2026-06-09 13:07:13,499 INFO o.a.j.s.FileServer: Stored: student_ids.csv Alias: student_ids.csv@504557080
2026-06-09 13:07:13,499 INFO o.a.j.s.FileServer: Stored: student_ids.csv Alias: student_ids.csv@1809634885
2026-06-09 13:07:13,503 INFO o.a.j.s.FileServer: Stored: student_ids.csv Alias: student_ids.csv@1281257733
2026-06-09 13:07:13,504 INFO o.a.j.s.FileServer: Stored: student_ids.csv Alias: student_ids.csv@1298643102
2026-06-09 13:07:13,639 INFO o.a.j.t.JMeterThread: Thread is done: jp@gc - Stepping Thread Group 1-45
2026-06-09 13:07:13,639 INFO o.a.j.t.JMeterThread: Thread finished: jp@gc - Stepping Thread Group 1-45
2026-06-09 13:07:13,650 INFO o.a.j.t.JMeterThread: Thread is done: jp@gc - Stepping Thread Group 1-46
2026-06-09 13:07:13,651 INFO o.a.j.t.JMeterThread: Thread finished: jp@gc - Stepping Thread Group 1-46
2026-06-09 13:07:13,654 INFO o.a.j.t.JMeterThread: Thread is done: jp@gc - Stepping Thread Group 1-48
2026-06-09 13:07:13,655 INFO o.a.j.t.JMeterThread: Thread finished: jp@gc - Stepping Thread Group 1-48
2026-06-09 13:07:13,658 INFO o.a.j.t.JMeterThread: Thread is done: jp@gc - Stepping Thread Group 1-41
2026-06-09 13:07:13,658 INFO o.a.j.t.JMeterThread: Thread is done: jp@gc - Stepping Thread Group 1-47
2026-06-09 13:07:13,658 INFO o.a.j.t.JMeterThread: Thread finished: jp@gc - Stepping Thread Group 1-41
2026-06-09 13:07:13,658 INFO o.a.j.t.JMeterThread: Thread finished: jp@gc - Stepping Thread Group 1-47
2026-06-09 13:07:13,658 INFO o.a.j.t.JMeterThread: Thread is done: jp@gc - Stepping Thread Group 1-44
2026-06-09 13:07:13,659 INFO o.a.j.t.JMeterThread: Thread finished: jp@gc - Stepping Thread Group 1-44
2026-06-09 13:07:13,660 INFO o.a.j.t.JMeterThread: Thread is done: jp@gc - Stepping Thread Group 1-50
2026-06-09 13:07:13,660 INFO o.a.j.t.JMeterThread: Thread finished: jp@gc - Stepping Thread Group 1-50
2026-06-09 13:07:13,662 INFO o.a.j.t.JMeterThread: Thread is done: jp@gc - Stepping Thread Group 1-43
2026-06-09 13:07:13,662 INFO o.a.j.t.JMeterThread: Thread finished: jp@gc - Stepping Thread Group 1-43
2026-06-09 13:07:13,665 INFO o.a.j.t.JMeterThread: Thread is done: jp@gc - Stepping Thread Group 1-42
2026-06-09 13:07:13,665 INFO o.a.j.t.JMeterThread: Thread finished: jp@gc - Stepping Thread Group 1-42
2026-06-09 13:07:13,668 INFO o.a.j.t.JMeterThread: Thread is done: jp@gc - Stepping Thread Group 1-49
2026-06-09 13:07:13,668 INFO o.a.j.t.JMeterThread: Thread finished: jp@gc - Stepping Thread Group 1-49
2026-06-09 13:07:43,501 INFO o.a.j.t.JMeterThread: Thread started: jp@gc - Stepping Thread Group 1-60
2026-06-09 13:07:43,501 INFO o.a.j.t.JMeterThread: Thread started: jp@gc - Stepping Thread Group 1-54
2026-06-09 13:07:43,501 INFO o.a.j.t.JMeterThread: Thread started: jp@gc - Stepping Thread Group 1-52
2026-06-09 13:07:43,501 INFO o.a.j.t.JMeterThread: Thread started: jp@gc - Stepping Thread Group 1-53
2026-06-09 13:07:43,501 INFO o.a.j.t.JMeterThread: Thread started: jp@gc - Stepping Thread Group 1-51
2026-06-09 13:07:43,501 INFO o.a.j.t.JMeterThread: Thread started: jp@gc - Stepping Thread Group 1-58
2026-06-09 13:07:43,501 INFO o.a.j.t.JMeterThread: Thread started: jp@gc - Stepping Thread Group 1-59
2026-06-09 13:07:43,501 INFO o.a.j.t.JMeterThread: Thread started: jp@gc - Stepping Thread Group 1-55
2026-06-09 13:07:43,501 INFO o.a.j.t.JMeterThread: Thread started: jp@gc - Stepping Thread Group 1-57
2026-06-09 13:07:43,501 INFO o.a.j.t.JMeterThread: Thread started: jp@gc - Stepping Thread Group 1-56
2026-06-09 13:07:43,501 INFO o.a.j.s.FileServer: Stored: student_ids.csv Alias: student_ids.csv@1130698084
2026-06-09 13:07:43,502 INFO o.a.j.s.FileServer: Stored: student_ids.csv Alias: student_ids.csv@1641542454
2026-06-09 13:07:43,503 INFO o.a.j.s.FileServer: Stored: student_ids.csv Alias: student_ids.csv@221930336
2026-06-09 13:07:43,505 INFO o.a.j.s.FileServer: Stored: student_ids.csv Alias: student_ids.csv@421961924
2026-06-09 13:07:43,505 INFO o.a.j.s.FileServer: Stored: student_ids.csv Alias: student_ids.csv@736968639
2026-06-09 13:07:43,505 INFO o.a.j.s.FileServer: Stored: student_ids.csv Alias: student_ids.csv@561842333
2026-06-09 13:07:43,506 INFO o.a.j.s.FileServer: Stored: student_ids.csv Alias: student_ids.csv@1996982278
2026-06-09 13:07:43,506 INFO o.a.j.s.FileServer: Stored: student_ids.csv Alias: student_ids.csv@514035983
2026-06-09 13:07:43,507 INFO o.a.j.s.FileServer: Stored: student_ids.csv Alias: student_ids.csv@319289255
2026-06-09 13:07:43,508 INFO o.a.j.s.FileServer: Stored: student_ids.csv Alias: student_ids.csv@383022565
2026-06-09 13:07:43,659 INFO o.a.j.t.JMeterThread: Thread is done: jp@gc - Stepping Thread Group 1-53
2026-06-09 13:07:43,659 INFO o.a.j.t.JMeterThread: Thread finished: jp@gc - Stepping Thread Group 1-53
2026-06-09 13:07:43,668 INFO o.a.j.t.JMeterThread: Thread is done: jp@gc - Stepping Thread Group 1-51
2026-06-09 13:07:43,668 INFO o.a.j.t.JMeterThread: Thread finished: jp@gc - Stepping Thread Group 1-51
2026-06-09 13:07:43,674 INFO o.a.j.t.JMeterThread: Thread is done: jp@gc - Stepping Thread Group 1-52
2026-06-09 13:07:43,674 INFO o.a.j.t.JMeterThread: Thread is done: jp@gc - Stepping Thread Group 1-56
2026-06-09 13:07:43,674 INFO o.a.j.t.JMeterThread: Thread finished: jp@gc - Stepping Thread Group 1-52
2026-06-09 13:07:43,674 INFO o.a.j.t.JMeterThread: Thread finished: jp@gc - Stepping Thread Group 1-56
2026-06-09 13:07:43,676 INFO o.a.j.t.JMeterThread: Thread is done: jp@gc - Stepping Thread Group 1-60
2026-06-09 13:07:43,676 INFO o.a.j.t.JMeterThread: Thread is done: jp@gc - Stepping Thread Group 1-59
2026-06-09 13:07:43,676 INFO o.a.j.t.JMeterThread: Thread finished: jp@gc - Stepping Thread Group 1-60
2026-06-09 13:07:43,676 INFO o.a.j.t.JMeterThread: Thread finished: jp@gc - Stepping Thread Group 1-59
2026-06-09 13:07:43,686 INFO o.a.j.t.JMeterThread: Thread is done: jp@gc - Stepping Thread Group 1-58
2026-06-09 13:07:43,686 INFO o.a.j.t.JMeterThread: Thread is done: jp@gc - Stepping Thread Group 1-54
2026-06-09 13:07:43,686 INFO o.a.j.t.JMeterThread: Thread is done: jp@gc - Stepping Thread Group 1-55
2026-06-09 13:07:43,686 INFO o.a.j.t.JMeterThread: Thread finished: jp@gc - Stepping Thread Group 1-58
2026-06-09 13:07:43,686 INFO o.a.j.t.JMeterThread: Thread finished: jp@gc - Stepping Thread Group 1-55
2026-06-09 13:07:43,686 INFO o.a.j.t.JMeterThread: Thread finished: jp@gc - Stepping Thread Group 1-54
2026-06-09 13:07:43,690 INFO o.a.j.t.JMeterThread: Thread is done: jp@gc - Stepping Thread Group 1-57
2026-06-09 13:07:43,690 INFO o.a.j.t.JMeterThread: Thread finished: jp@gc - Stepping Thread Group 1-57
2026-06-09 13:08:13,509 INFO o.a.j.t.JMeterThread: Thread started: jp@gc - Stepping Thread Group 1-62
2026-06-09 13:08:13,509 INFO o.a.j.t.JMeterThread: Thread started: jp@gc - Stepping Thread Group 1-64
2026-06-09 13:08:13,509 INFO o.a.j.t.JMeterThread: Thread started: jp@gc - Stepping Thread Group 1-68
2026-06-09 13:08:13,509 INFO o.a.j.t.JMeterThread: Thread started: jp@gc - Stepping Thread Group 1-63
2026-06-09 13:08:13,509 INFO o.a.j.t.JMeterThread: Thread started: jp@gc - Stepping Thread Group 1-65
2026-06-09 13:08:13,509 INFO o.a.j.t.JMeterThread: Thread started: jp@gc - Stepping Thread Group 1-66
2026-06-09 13:08:13,509 INFO o.a.j.t.JMeterThread: Thread started: jp@gc - Stepping Thread Group 1-61
2026-06-09 13:08:13,509 INFO o.a.j.t.JMeterThread: Thread started: jp@gc - Stepping Thread Group 1-69
2026-06-09 13:08:13,509 INFO o.a.j.t.JMeterThread: Thread started: jp@gc - Stepping Thread Group 1-70
2026-06-09 13:08:13,509 INFO o.a.j.t.JMeterThread: Thread started: jp@gc - Stepping Thread Group 1-67
2026-06-09 13:08:13,509 INFO o.a.j.s.FileServer: Stored: student_ids.csv Alias: student_ids.csv@781379581
2026-06-09 13:08:13,510 INFO o.a.j.s.FileServer: Stored: student_ids.csv Alias: student_ids.csv@1613941812
2026-06-09 13:08:13,510 INFO o.a.j.s.FileServer: Stored: student_ids.csv Alias: student_ids.csv@733461743
2026-06-09 13:08:13,510 INFO o.a.j.s.FileServer: Stored: student_ids.csv Alias: student_ids.csv@1913622306
2026-06-09 13:08:13,510 INFO o.a.j.s.FileServer: Stored: student_ids.csv Alias: student_ids.csv@944005704
2026-06-09 13:08:13,511 INFO o.a.j.s.FileServer: Stored: student_ids.csv Alias: student_ids.csv@1935001420
2026-06-09 13:08:13,511 INFO o.a.j.s.FileServer: Stored: student_ids.csv Alias: student_ids.csv@916896570
2026-06-09 13:08:13,511 INFO o.a.j.s.FileServer: Stored: student_ids.csv Alias: student_ids.csv@1060756111
2026-06-09 13:08:13,511 INFO o.a.j.s.FileServer: Stored: student_ids.csv Alias: student_ids.csv@2137317269
2026-06-09 13:08:13,512 INFO o.a.j.s.FileServer: Stored: student_ids.csv Alias: student_ids.csv@419858358
2026-06-09 13:08:13,678 INFO o.a.j.t.JMeterThread: Thread is done: jp@gc - Stepping Thread Group 1-66
2026-06-09 13:08:13,678 INFO o.a.j.t.JMeterThread: Thread finished: jp@gc - Stepping Thread Group 1-66
2026-06-09 13:08:13,689 INFO o.a.j.t.JMeterThread: Thread is done: jp@gc - Stepping Thread Group 1-64
2026-06-09 13:08:13,689 INFO o.a.j.t.JMeterThread: Thread is done: jp@gc - Stepping Thread Group 1-65
2026-06-09 13:08:13,689 INFO o.a.j.t.JMeterThread: Thread is done: jp@gc - Stepping Thread Group 1-68
2026-06-09 13:08:13,689 INFO o.a.j.t.JMeterThread: Thread finished: jp@gc - Stepping Thread Group 1-65
2026-06-09 13:08:13,689 INFO o.a.j.t.JMeterThread: Thread finished: jp@gc - Stepping Thread Group 1-68
2026-06-09 13:08:13,689 INFO o.a.j.t.JMeterThread: Thread finished: jp@gc - Stepping Thread Group 1-64
2026-06-09 13:08:13,689 INFO o.a.j.t.JMeterThread: Thread is done: jp@gc - Stepping Thread Group 1-61
2026-06-09 13:08:13,689 INFO o.a.j.t.JMeterThread: Thread finished: jp@gc - Stepping Thread Group 1-61
2026-06-09 13:08:13,698 INFO o.a.j.t.JMeterThread: Thread is done: jp@gc - Stepping Thread Group 1-69
2026-06-09 13:08:13,698 INFO o.a.j.t.JMeterThread: Thread is done: jp@gc - Stepping Thread Group 1-63
2026-06-09 13:08:13,698 INFO o.a.j.t.JMeterThread: Thread finished: jp@gc - Stepping Thread Group 1-69
2026-06-09 13:08:13,698 INFO o.a.j.t.JMeterThread: Thread finished: jp@gc - Stepping Thread Group 1-63
2026-06-09 13:08:13,699 INFO o.a.j.t.JMeterThread: Thread is done: jp@gc - Stepping Thread Group 1-67
2026-06-09 13:08:13,700 INFO o.a.j.t.JMeterThread: Thread finished: jp@gc - Stepping Thread Group 1-67
2026-06-09 13:08:13,701 INFO o.a.j.t.JMeterThread: Thread is done: jp@gc - Stepping Thread Group 1-62
2026-06-09 13:08:13,701 INFO o.a.j.t.JMeterThread: Thread finished: jp@gc - Stepping Thread Group 1-62
2026-06-09 13:08:13,704 INFO o.a.j.t.JMeterThread: Thread is done: jp@gc - Stepping Thread Group 1-70
2026-06-09 13:08:13,704 INFO o.a.j.t.JMeterThread: Thread finished: jp@gc - Stepping Thread Group 1-70
2026-06-09 13:08:43,498 INFO o.a.j.t.JMeterThread: Thread started: jp@gc - Stepping Thread Group 1-71
2026-06-09 13:08:43,498 INFO o.a.j.t.JMeterThread: Thread started: jp@gc - Stepping Thread Group 1-76
2026-06-09 13:08:43,498 INFO o.a.j.t.JMeterThread: Thread started: jp@gc - Stepping Thread Group 1-77
2026-06-09 13:08:43,498 INFO o.a.j.s.FileServer: Stored: student_ids.csv Alias: student_ids.csv@25894464
2026-06-09 13:08:43,499 INFO o.a.j.t.JMeterThread: Thread started: jp@gc - Stepping Thread Group 1-79
2026-06-09 13:08:43,499 INFO o.a.j.t.JMeterThread: Thread started: jp@gc - Stepping Thread Group 1-78
2026-06-09 13:08:43,499 INFO o.a.j.t.JMeterThread: Thread started: jp@gc - Stepping Thread Group 1-75
2026-06-09 13:08:43,499 INFO o.a.j.t.JMeterThread: Thread started: jp@gc - Stepping Thread Group 1-74
2026-06-09 13:08:43,499 INFO o.a.j.s.FileServer: Stored: student_ids.csv Alias: student_ids.csv@1045330360
2026-06-09 13:08:43,499 INFO o.a.j.t.JMeterThread: Thread started: jp@gc - Stepping Thread Group 1-72
2026-06-09 13:08:43,499 INFO o.a.j.t.JMeterThread: Thread started: jp@gc - Stepping Thread Group 1-73
2026-06-09 13:08:43,499 INFO o.a.j.t.JMeterThread: Thread started: jp@gc - Stepping Thread Group 1-80
2026-06-09 13:08:43,499 INFO o.a.j.s.FileServer: Stored: student_ids.csv Alias: student_ids.csv@1156020209
2026-06-09 13:08:43,499 INFO o.a.j.s.FileServer: Stored: student_ids.csv Alias: student_ids.csv@494015529
2026-06-09 13:08:43,499 INFO o.a.j.s.FileServer: Stored: student_ids.csv Alias: student_ids.csv@1251139307
2026-06-09 13:08:43,501 INFO o.a.j.s.FileServer: Stored: student_ids.csv Alias: student_ids.csv@1005555279
2026-06-09 13:08:43,501 INFO o.a.j.s.FileServer: Stored: student_ids.csv Alias: student_ids.csv@142782310
2026-06-09 13:08:43,501 INFO o.a.j.s.FileServer: Stored: student_ids.csv Alias: student_ids.csv@1626632911
2026-06-09 13:08:43,503 INFO o.a.j.s.FileServer: Stored: student_ids.csv Alias: student_ids.csv@1242790996
2026-06-09 13:08:43,504 INFO o.a.j.s.FileServer: Stored: student_ids.csv Alias: student_ids.csv@60986440
2026-06-09 13:08:43,656 INFO o.a.j.t.JMeterThread: Thread is done: jp@gc - Stepping Thread Group 1-73
2026-06-09 13:08:43,656 INFO o.a.j.t.JMeterThread: Thread finished: jp@gc - Stepping Thread Group 1-73
2026-06-09 13:08:43,668 INFO o.a.j.t.JMeterThread: Thread is done: jp@gc - Stepping Thread Group 1-78
2026-06-09 13:08:43,668 INFO o.a.j.t.JMeterThread: Thread finished: jp@gc - Stepping Thread Group 1-78
2026-06-09 13:08:43,671 INFO o.a.j.t.JMeterThread: Thread is done: jp@gc - Stepping Thread Group 1-76
2026-06-09 13:08:43,671 INFO o.a.j.t.JMeterThread: Thread is done: jp@gc - Stepping Thread Group 1-79
2026-06-09 13:08:43,671 INFO o.a.j.t.JMeterThread: Thread finished: jp@gc - Stepping Thread Group 1-79
2026-06-09 13:08:43,671 INFO o.a.j.t.JMeterThread: Thread is done: jp@gc - Stepping Thread Group 1-80
2026-06-09 13:08:43,671 INFO o.a.j.t.JMeterThread: Thread finished: jp@gc - Stepping Thread Group 1-76
2026-06-09 13:08:43,672 INFO o.a.j.t.JMeterThread: Thread finished: jp@gc - Stepping Thread Group 1-80
2026-06-09 13:08:43,673 INFO o.a.j.t.JMeterThread: Thread is done: jp@gc - Stepping Thread Group 1-71
2026-06-09 13:08:43,673 INFO o.a.j.t.JMeterThread: Thread finished: jp@gc - Stepping Thread Group 1-71
2026-06-09 13:08:43,675 INFO o.a.j.t.JMeterThread: Thread is done: jp@gc - Stepping Thread Group 1-72
2026-06-09 13:08:43,675 INFO o.a.j.t.JMeterThread: Thread finished: jp@gc - Stepping Thread Group 1-72
2026-06-09 13:08:43,675 INFO o.a.j.t.JMeterThread: Thread is done: jp@gc - Stepping Thread Group 1-74
2026-06-09 13:08:43,675 INFO o.a.j.t.JMeterThread: Thread finished: jp@gc - Stepping Thread Group 1-74
2026-06-09 13:08:43,684 INFO o.a.j.t.JMeterThread: Thread is done: jp@gc - Stepping Thread Group 1-75
2026-06-09 13:08:43,684 INFO o.a.j.t.JMeterThread: Thread finished: jp@gc - Stepping Thread Group 1-75
2026-06-09 13:08:43,684 INFO o.a.j.t.JMeterThread: Thread is done: jp@gc - Stepping Thread Group 1-77
2026-06-09 13:08:43,684 INFO o.a.j.t.JMeterThread: Thread finished: jp@gc - Stepping Thread Group 1-77
2026-06-09 13:09:13,506 INFO o.a.j.t.JMeterThread: Thread started: jp@gc - Stepping Thread Group 1-84
2026-06-09 13:09:13,506 INFO o.a.j.t.JMeterThread: Thread started: jp@gc - Stepping Thread Group 1-90
2026-06-09 13:09:13,506 INFO o.a.j.t.JMeterThread: Thread started: jp@gc - Stepping Thread Group 1-86
2026-06-09 13:09:13,506 INFO o.a.j.t.JMeterThread: Thread started: jp@gc - Stepping Thread Group 1-81
2026-06-09 13:09:13,506 INFO o.a.j.t.JMeterThread: Thread started: jp@gc - Stepping Thread Group 1-87
2026-06-09 13:09:13,506 INFO o.a.j.t.JMeterThread: Thread started: jp@gc - Stepping Thread Group 1-85
2026-06-09 13:09:13,506 INFO o.a.j.t.JMeterThread: Thread started: jp@gc - Stepping Thread Group 1-83
2026-06-09 13:09:13,506 INFO o.a.j.t.JMeterThread: Thread started: jp@gc - Stepping Thread Group 1-82
2026-06-09 13:09:13,506 INFO o.a.j.t.JMeterThread: Thread started: jp@gc - Stepping Thread Group 1-89
2026-06-09 13:09:13,506 INFO o.a.j.t.JMeterThread: Thread started: jp@gc - Stepping Thread Group 1-88
2026-06-09 13:09:13,506 INFO o.a.j.s.FileServer: Stored: student_ids.csv Alias: student_ids.csv@869436599
2026-06-09 13:09:13,507 INFO o.a.j.s.FileServer: Stored: student_ids.csv Alias: student_ids.csv@1194745158
2026-06-09 13:09:13,507 INFO o.a.j.s.FileServer: Stored: student_ids.csv Alias: student_ids.csv@1778752849
2026-06-09 13:09:13,508 INFO o.a.j.s.FileServer: Stored: student_ids.csv Alias: student_ids.csv@1250176873
2026-06-09 13:09:13,508 INFO o.a.j.s.FileServer: Stored: student_ids.csv Alias: student_ids.csv@717080236
2026-06-09 13:09:13,508 INFO o.a.j.s.FileServer: Stored: student_ids.csv Alias: student_ids.csv@168397833
2026-06-09 13:09:13,510 INFO o.a.j.s.FileServer: Stored: student_ids.csv Alias: student_ids.csv@1607160758
2026-06-09 13:09:13,510 INFO o.a.j.s.FileServer: Stored: student_ids.csv Alias: student_ids.csv@301607379
2026-06-09 13:09:13,511 INFO o.a.j.s.FileServer: Stored: student_ids.csv Alias: student_ids.csv@1320841662
2026-06-09 13:09:13,511 INFO o.a.j.s.FileServer: Stored: student_ids.csv Alias: student_ids.csv@1631011383
2026-06-09 13:09:13,669 INFO o.a.j.t.JMeterThread: Thread is done: jp@gc - Stepping Thread Group 1-85
2026-06-09 13:09:13,669 INFO o.a.j.t.JMeterThread: Thread is done: jp@gc - Stepping Thread Group 1-82
2026-06-09 13:09:13,669 INFO o.a.j.t.JMeterThread: Thread is done: jp@gc - Stepping Thread Group 1-88
2026-06-09 13:09:13,669 INFO o.a.j.t.JMeterThread: Thread finished: jp@gc - Stepping Thread Group 1-82
2026-06-09 13:09:13,669 INFO o.a.j.t.JMeterThread: Thread finished: jp@gc - Stepping Thread Group 1-85
2026-06-09 13:09:13,669 INFO o.a.j.t.JMeterThread: Thread is done: jp@gc - Stepping Thread Group 1-86
2026-06-09 13:09:13,669 INFO o.a.j.t.JMeterThread: Thread finished: jp@gc - Stepping Thread Group 1-88
2026-06-09 13:09:13,669 INFO o.a.j.t.JMeterThread: Thread finished: jp@gc - Stepping Thread Group 1-86
2026-06-09 13:09:13,669 INFO o.a.j.t.JMeterThread: Thread is done: jp@gc - Stepping Thread Group 1-87
2026-06-09 13:09:13,669 INFO o.a.j.t.JMeterThread: Thread finished: jp@gc - Stepping Thread Group 1-87
2026-06-09 13:09:13,672 INFO o.a.j.t.JMeterThread: Thread is done: jp@gc - Stepping Thread Group 1-90
2026-06-09 13:09:13,672 INFO o.a.j.t.JMeterThread: Thread is done: jp@gc - Stepping Thread Group 1-84
2026-06-09 13:09:13,672 INFO o.a.j.t.JMeterThread: Thread finished: jp@gc - Stepping Thread Group 1-90
2026-06-09 13:09:13,672 INFO o.a.j.t.JMeterThread: Thread is done: jp@gc - Stepping Thread Group 1-89
2026-06-09 13:09:13,672 INFO o.a.j.t.JMeterThread: Thread finished: jp@gc - Stepping Thread Group 1-84
2026-06-09 13:09:13,672 INFO o.a.j.t.JMeterThread: Thread finished: jp@gc - Stepping Thread Group 1-89
2026-06-09 13:09:13,673 INFO o.a.j.t.JMeterThread: Thread is done: jp@gc - Stepping Thread Group 1-83
2026-06-09 13:09:13,673 INFO o.a.j.t.JMeterThread: Thread finished: jp@gc - Stepping Thread Group 1-83
2026-06-09 13:09:13,677 INFO o.a.j.t.JMeterThread: Thread is done: jp@gc - Stepping Thread Group 1-81
2026-06-09 13:09:13,677 INFO o.a.j.t.JMeterThread: Thread finished: jp@gc - Stepping Thread Group 1-81
2026-06-09 13:09:43,495 INFO o.a.j.t.JMeterThread: Thread started: jp@gc - Stepping Thread Group 1-91
2026-06-09 13:09:43,496 INFO o.a.j.s.FileServer: Stored: student_ids.csv Alias: student_ids.csv@209690984
2026-06-09 13:09:43,496 INFO o.a.j.t.JMeterThread: Thread started: jp@gc - Stepping Thread Group 1-99
2026-06-09 13:09:43,496 INFO o.a.j.t.JMeterThread: Thread started: jp@gc - Stepping Thread Group 1-98
2026-06-09 13:09:43,496 INFO o.a.j.t.JMeterThread: Thread started: jp@gc - Stepping Thread Group 1-93
2026-06-09 13:09:43,496 INFO o.a.j.t.JMeterThread: Thread started: jp@gc - Stepping Thread Group 1-100
2026-06-09 13:09:43,497 INFO o.a.j.s.FileServer: Stored: student_ids.csv Alias: student_ids.csv@2038700384
2026-06-09 13:09:43,497 INFO o.a.j.s.FileServer: Stored: student_ids.csv Alias: student_ids.csv@668693859
2026-06-09 13:09:43,497 INFO o.a.j.s.FileServer: Stored: student_ids.csv Alias: student_ids.csv@619738075
2026-06-09 13:09:43,497 INFO o.a.j.s.FileServer: Stored: student_ids.csv Alias: student_ids.csv@2090391073
2026-06-09 13:09:43,511 INFO o.a.j.t.JMeterThread: Thread started: jp@gc - Stepping Thread Group 1-97
2026-06-09 13:09:43,511 INFO o.a.j.t.JMeterThread: Thread started: jp@gc - Stepping Thread Group 1-92
2026-06-09 13:09:43,511 INFO o.a.j.t.JMeterThread: Thread started: jp@gc - Stepping Thread Group 1-94
2026-06-09 13:09:43,511 INFO o.a.j.t.JMeterThread: Thread started: jp@gc - Stepping Thread Group 1-96
2026-06-09 13:09:43,511 INFO o.a.j.t.JMeterThread: Thread started: jp@gc - Stepping Thread Group 1-95
2026-06-09 13:09:43,511 INFO o.a.j.s.FileServer: Stored: student_ids.csv Alias: student_ids.csv@1216408615
2026-06-09 13:09:43,513 INFO o.a.j.s.FileServer: Stored: student_ids.csv Alias: student_ids.csv@999107974
2026-06-09 13:09:43,513 INFO o.a.j.s.FileServer: Stored: student_ids.csv Alias: student_ids.csv@188447800
2026-06-09 13:09:43,513 INFO o.a.j.s.FileServer: Stored: student_ids.csv Alias: student_ids.csv@554641740
2026-06-09 13:09:43,515 INFO o.a.j.s.FileServer: Stored: student_ids.csv Alias: student_ids.csv@1629248739
2026-06-09 13:09:43,675 INFO o.a.j.t.JMeterThread: Thread is done: jp@gc - Stepping Thread Group 1-91
2026-06-09 13:09:43,675 INFO o.a.j.t.JMeterThread: Thread is done: jp@gc - Stepping Thread Group 1-98
2026-06-09 13:09:43,675 INFO o.a.j.t.JMeterThread: Thread is done: jp@gc - Stepping Thread Group 1-99
2026-06-09 13:09:43,675 INFO o.a.j.t.JMeterThread: Thread is done: jp@gc - Stepping Thread Group 1-93
2026-06-09 13:09:43,676 INFO o.a.j.t.JMeterThread: Thread finished: jp@gc - Stepping Thread Group 1-91
2026-06-09 13:09:43,676 INFO o.a.j.t.JMeterThread: Thread finished: jp@gc - Stepping Thread Group 1-93
2026-06-09 13:09:43,676 INFO o.a.j.t.JMeterThread: Thread finished: jp@gc - Stepping Thread Group 1-99
2026-06-09 13:09:43,676 INFO o.a.j.t.JMeterThread: Thread finished: jp@gc - Stepping Thread Group 1-98
2026-06-09 13:09:43,687 INFO o.a.j.t.JMeterThread: Thread is done: jp@gc - Stepping Thread Group 1-95
2026-06-09 13:09:43,687 INFO o.a.j.t.JMeterThread: Thread is done: jp@gc - Stepping Thread Group 1-100
2026-06-09 13:09:43,687 INFO o.a.j.t.JMeterThread: Thread finished: jp@gc - Stepping Thread Group 1-95
2026-06-09 13:09:43,687 INFO o.a.j.t.JMeterThread: Thread finished: jp@gc - Stepping Thread Group 1-100
2026-06-09 13:09:43,697 INFO o.a.j.t.JMeterThread: Thread is done: jp@gc - Stepping Thread Group 1-94
2026-06-09 13:09:43,698 INFO o.a.j.t.JMeterThread: Thread finished: jp@gc - Stepping Thread Group 1-94
2026-06-09 13:09:43,698 INFO o.a.j.t.JMeterThread: Thread is done: jp@gc - Stepping Thread Group 1-92
2026-06-09 13:09:43,698 INFO o.a.j.t.JMeterThread: Thread finished: jp@gc - Stepping Thread Group 1-92
2026-06-09 13:09:43,704 INFO o.a.j.t.JMeterThread: Thread is done: jp@gc - Stepping Thread Group 1-96
2026-06-09 13:09:43,704 INFO o.a.j.t.JMeterThread: Thread finished: jp@gc - Stepping Thread Group 1-96
2026-06-09 13:09:43,708 INFO o.a.j.t.JMeterThread: Thread is done: jp@gc - Stepping Thread Group 1-97
2026-06-09 13:09:43,708 INFO o.a.j.t.JMeterThread: Thread finished: jp@gc - Stepping Thread Group 1-97
2026-06-09 13:09:43,708 INFO o.a.j.e.StandardJMeterEngine: Notifying test listeners of end of test
2026-06-09 13:09:43,708 INFO o.a.j.s.FileServer: Close: student_ids.csv@229876577
2026-06-09 13:09:43,710 INFO o.a.j.s.FileServer: Close: student_ids.csv@715956035
2026-06-09 13:09:43,710 INFO o.a.j.s.FileServer: Close: student_ids.csv@1156020209
2026-06-09 13:09:43,710 INFO o.a.j.s.FileServer: Close: student_ids.csv@916896570
2026-06-09 13:09:43,710 INFO o.a.j.s.FileServer: Close: student_ids.csv@221930336
2026-06-09 13:09:43,710 INFO o.a.j.s.FileServer: Close: student_ids.csv@543580529
2026-06-09 13:09:43,710 INFO o.a.j.s.FileServer: Close: student_ids.csv@1926570741
2026-06-09 13:09:43,710 INFO o.a.j.s.FileServer: Close: student_ids.csv@999107974
2026-06-09 13:09:43,710 INFO o.a.j.s.FileServer: Close: student_ids.csv@2038700384
2026-06-09 13:09:43,710 INFO o.a.j.s.FileServer: Close: student_ids.csv@28680299
2026-06-09 13:09:43,710 INFO o.a.j.s.FileServer: Close: student_ids.csv@209690984
2026-06-09 13:09:43,710 INFO o.a.j.s.FileServer: Close: student_ids.csv@609947474
2026-06-09 13:09:43,710 INFO o.a.j.s.FileServer: Close: student_ids.csv@1029539865
2026-06-09 13:09:43,710 INFO o.a.j.s.FileServer: Close: student_ids.csv@158637992
2026-06-09 13:09:43,710 INFO o.a.j.s.FileServer: Close: student_ids.csv@1809634885
2026-06-09 13:09:43,710 INFO o.a.j.s.FileServer: Close: student_ids.csv@1540521860
2026-06-09 13:09:43,710 INFO o.a.j.s.FileServer: Close: student_ids.csv@1761991319
2026-06-09 13:09:43,710 INFO o.a.j.s.FileServer: Close: student_ids.csv@736968639
2026-06-09 13:09:43,710 INFO o.a.j.s.FileServer: Close: student_ids.csv@1913622306
2026-06-09 13:09:43,710 INFO o.a.j.s.FileServer: Close: student_ids.csv@784618349
2026-06-09 13:09:43,710 INFO o.a.j.s.FileServer: Close: student_ids.csv@177625860
2026-06-09 13:09:43,710 INFO o.a.j.s.FileServer: Close: student_ids.csv@1607160758
2026-06-09 13:09:43,710 INFO o.a.j.s.FileServer: Close: student_ids.csv@1027976604
2026-06-09 13:09:43,710 INFO o.a.j.s.FileServer: Close: student_ids.csv@1213362555
2026-06-09 13:09:43,710 INFO o.a.j.s.FileServer: Close: student_ids.csv@595640649
2026-06-09 13:09:43,710 INFO o.a.j.s.FileServer: Close: student_ids.csv@1453882242
2026-06-09 13:09:43,710 INFO o.a.j.s.FileServer: Close: student_ids.csv@944005704
2026-06-09 13:09:43,710 INFO o.a.j.s.FileServer: Close: student_ids.csv@342096729
2026-06-09 13:09:43,710 INFO o.a.j.s.FileServer: Close: student_ids.csv@869436599
2026-06-09 13:09:43,710 INFO o.a.j.s.FileServer: Close: student_ids.csv@494015529
2026-06-09 13:09:43,710 INFO o.a.j.s.FileServer: Close: student_ids.csv@1974386018
2026-06-09 13:09:43,710 INFO o.a.j.s.FileServer: Close: student_ids.csv@195580146
2026-06-09 13:09:43,710 INFO o.a.j.s.FileServer: Close: student_ids.csv@717080236
2026-06-09 13:09:43,710 INFO o.a.j.s.FileServer: Close: student_ids.csv@1574750860
2026-06-09 13:09:43,710 INFO o.a.j.s.FileServer: Close: student_ids.csv@1251139307
2026-06-09 13:09:43,710 INFO o.a.j.s.FileServer: Close: student_ids.csv@1935001420
2026-06-09 13:09:43,710 INFO o.a.j.s.FileServer: Close: student_ids.csv@168397833
2026-06-09 13:09:43,710 INFO o.a.j.s.FileServer: Close: student_ids.csv@514035983
2026-06-09 13:09:43,710 INFO o.a.j.s.FileServer: Close: student_ids.csv@1242790996
2026-06-09 13:09:43,710 INFO o.a.j.s.FileServer: Close: student_ids.csv@1423935042
2026-06-09 13:09:43,710 INFO o.a.j.s.FileServer: Close: student_ids.csv@1089059325
2026-06-09 13:09:43,710 INFO o.a.j.s.FileServer: Close: student_ids.csv@1629248739
2026-06-09 13:09:43,710 INFO o.a.j.s.FileServer: Close: student_ids.csv@1641542454
2026-06-09 13:09:43,710 INFO o.a.j.s.FileServer: Close: student_ids.csv@781379581
2026-06-09 13:09:43,710 INFO o.a.j.s.FileServer: Close: student_ids.csv@25894464
2026-06-09 13:09:43,710 INFO o.a.j.s.FileServer: Close: student_ids.csv@957157737
2026-06-09 13:09:43,710 INFO o.a.j.s.FileServer: Close: student_ids.csv@504557080
2026-06-09 13:09:43,710 INFO o.a.j.s.FileServer: Close: student_ids.csv@1045330360
2026-06-09 13:09:43,710 INFO o.a.j.s.FileServer: Close: student_ids.csv@554641740
2026-06-09 13:09:43,710 INFO o.a.j.s.FileServer: Close: student_ids.csv@561842333
2026-06-09 13:09:43,710 INFO o.a.j.s.FileServer: Close: student_ids.csv@1631011383
2026-06-09 13:09:43,710 INFO o.a.j.s.FileServer: Close: student_ids.csv@159822692
2026-06-09 13:09:43,710 INFO o.a.j.s.FileServer: Close: student_ids.csv@1005555279
2026-06-09 13:09:43,710 INFO o.a.j.s.FileServer: Close: student_ids.csv@212157843
2026-06-09 13:09:43,711 INFO o.a.j.s.FileServer: Close: student_ids.csv@1216408615
2026-06-09 13:09:43,711 INFO o.a.j.s.FileServer: Close: student_ids.csv@142782310
2026-06-09 13:09:43,711 INFO o.a.j.s.FileServer: Close: student_ids.csv@828170586
2026-06-09 13:09:43,711 INFO o.a.j.s.FileServer: Close: student_ids.csv@668693859
2026-06-09 13:09:43,711 INFO o.a.j.s.FileServer: Close: student_ids.csv@699852062
2026-06-09 13:09:43,711 INFO o.a.j.s.FileServer: Close: student_ids.csv@866906933
2026-06-09 13:09:43,711 INFO o.a.j.s.FileServer: Close: group_ids.csv
2026-06-09 13:09:43,711 INFO o.a.j.s.FileServer: Close: student_ids.csv@188447800
2026-06-09 13:09:43,711 INFO o.a.j.s.FileServer: Close: student_ids.csv@2090391073
2026-06-09 13:09:43,711 INFO o.a.j.s.FileServer: Close: student_ids.csv@163737963
2026-06-09 13:09:43,711 INFO o.a.j.s.FileServer: Close: student_ids.csv@1060756111
2026-06-09 13:09:43,711 INFO o.a.j.s.FileServer: Close: student_ids.csv@1320841662
2026-06-09 13:09:43,711 INFO o.a.j.s.FileServer: Close: student_ids.csv@479478627
2026-06-09 13:09:43,711 INFO o.a.j.s.FileServer: Close: student_ids.csv@201441462
2026-06-09 13:09:43,711 INFO o.a.j.s.FileServer: Close: student_ids.csv@50829450
2026-06-09 13:09:43,711 INFO o.a.j.s.FileServer: Close: student_ids.csv@1778752849
2026-06-09 13:09:43,711 INFO o.a.j.s.FileServer: Close: student_ids.csv@2105327133
2026-06-09 13:09:43,711 INFO o.a.j.s.FileServer: Close: student_ids.csv@2137317269
2026-06-09 13:09:43,711 INFO o.a.j.s.FileServer: Close: student_ids.csv@275287885
2026-06-09 13:09:43,711 INFO o.a.j.s.FileServer: Close: student_ids.csv@1626632911
2026-06-09 13:09:43,711 INFO o.a.j.s.FileServer: Close: student_ids.csv@1400690689
2026-06-09 13:09:43,711 INFO o.a.j.s.FileServer: Close: student_ids.csv@1029549784
2026-06-09 13:09:43,711 INFO o.a.j.s.FileServer: Close: student_ids.csv@1996982278
2026-06-09 13:09:43,711 INFO o.a.j.s.FileServer: Close: student_ids.csv@301607379
2026-06-09 13:09:43,711 INFO o.a.j.s.FileServer: Close: student_ids.csv@1194745158
2026-06-09 13:09:43,711 INFO o.a.j.s.FileServer: Close: student_ids.csv@930615033
2026-06-09 13:09:43,711 INFO o.a.j.s.FileServer: Close: student_ids.csv@1250176873
2026-06-09 13:09:43,711 INFO o.a.j.s.FileServer: Close: student_ids.csv@1281257733
2026-06-09 13:09:43,711 INFO o.a.j.s.FileServer: Close: student_ids.csv@733461743
2026-06-09 13:09:43,711 INFO o.a.j.s.FileServer: Close: student_ids.csv@22657844
2026-06-09 13:09:43,711 INFO o.a.j.s.FileServer: Close: student_ids.csv@1130698084
2026-06-09 13:09:43,711 INFO o.a.j.s.FileServer: Close: student_ids.csv@383022565
2026-06-09 13:09:43,711 INFO o.a.j.s.FileServer: Close: student_ids.csv@513626583
2026-06-09 13:09:43,711 INFO o.a.j.s.FileServer: Close: student_ids.csv@602276349
2026-06-09 13:09:43,712 INFO o.a.j.s.FileServer: Close: student_ids.csv@421961924
2026-06-09 13:09:43,712 INFO o.a.j.s.FileServer: Close: student_ids.csv@185643266
2026-06-09 13:09:43,712 INFO o.a.j.s.FileServer: Close: student_ids.csv@1298643102
2026-06-09 13:09:43,712 INFO o.a.j.s.FileServer: Close: student_ids.csv@419858358
2026-06-09 13:09:43,712 INFO o.a.j.s.FileServer: Close: student_ids.csv@60986440
2026-06-09 13:09:43,712 INFO o.a.j.s.FileServer: Close: student_ids.csv@230502675
2026-06-09 13:09:43,712 INFO o.a.j.s.FileServer: Close: student_ids.csv@1616141543
2026-06-09 13:09:43,712 INFO o.a.j.s.FileServer: Close: student_ids.csv@371554274
2026-06-09 13:09:43,712 INFO o.a.j.s.FileServer: Close: student_ids.csv@619738075
2026-06-09 13:09:43,712 INFO o.a.j.s.FileServer: Close: student_ids.csv@715379474
2026-06-09 13:09:43,712 INFO o.a.j.s.FileServer: Close: student_ids.csv@1613941812
2026-06-09 13:09:43,712 INFO o.a.j.s.FileServer: Close: student_ids.csv@1098169567
2026-06-09 13:09:43,712 INFO o.a.j.s.FileServer: Close: student_ids.csv@319289255
2026-06-09 13:09:43,712 INFO o.a.j.g.u.JMeterMenuBar: setRunning(false, *local*)
